<?xml version="1.0" encoding="UTF-8"?>
<testsuite xmlns:xsi="http://www.w3.org/2001/XMLSchema-instance" xsi:noNamespaceSchemaLocation="https://maven.apache.org/surefire/maven-surefire-plugin/xsd/surefire-test-report-3.0.xsd" version="3.0" name="com.mx.java.SpringSuperApplicationTests" time="12.529" tests="1" errors="0" skipped="0" failures="0">
  <properties>
[...]
</properties>
  <testcase name="contextLoads" classname="com.mx.java.SpringSuperApplicationTests" time="0.934">
    <system-out><![CDATA[00:38:26.141 [main] INFO org.springframework.test.context.support.AnnotationConfigContextLoaderUtils -- Could not detect default configuration classes for test class [com.mx.java.SpringSuperApplicationTests]: SpringSuperApplicationTests does not declare any static, non-private, non-final, nested classes annotated with @Configuration.
00:38:26.375 [main] INFO org.springframework.boot.test.context.SpringBootTestContextBootstrapper -- Found @SpringBootConfiguration com.mx.java.SpringSuperApplication for test class com.mx.java.SpringSuperApplicationTests
2023-11-02T00:38:27.495-06:00  INFO 7188 --- [           main] c.mx.java.SpringSuperApplicationTests    : Starting SpringSuperApplicationTests using Java 17.0.7 with PID 7188 (started by tonny in C:\ProyectsSpring\SuperTienda)
2023-11-02T00:38:27.503-06:00  INFO 7188 --- [           main] c.mx.java.SpringSuperApplicationTests    : No active profile set, falling back to 1 default profile: "default"
2023-11-02T00:38:29.068-06:00  INFO 7188 --- [           main] .s.d.r.c.RepositoryConfigurationDelegate : Bootstrapping Spring Data JPA repositories in DEFAULT mode.
2023-11-02T00:38:29.250-06:00  INFO 7188 --- [           main] .s.d.r.c.RepositoryConfigurationDelegate : Finished Spring Data repository scanning in 162 ms. Found 6 JPA repository interfaces.
2023-11-02T00:38:30.313-06:00  INFO 7188 --- [           main] com.zaxxer.hikari.HikariDataSource       : HikariPool-1 - Starting...
2023-11-02T00:38:30.790-06:00  INFO 7188 --- [           main] com.zaxxer.hikari.pool.HikariPool        : HikariPool-1 - Added connection com.mysql.cj.jdbc.ConnectionImpl@1e1232cf
2023-11-02T00:38:30.795-06:00  INFO 7188 --- [           main] com.zaxxer.hikari.HikariDataSource       : HikariPool-1 - Start completed.
2023-11-02T00:38:30.901-06:00  INFO 7188 --- [           main] o.hibernate.jpa.internal.util.LogHelper  : HHH000204: Processing PersistenceUnitInfo [name: default]
2023-11-02T00:38:31.075-06:00  INFO 7188 --- [           main] org.hibernate.Version                    : HHH000412: Hibernate ORM core version 6.2.2.Final
2023-11-02T00:38:31.075-06:00  INFO 7188 --- [           main] org.hibernate.cfg.Environment            : HHH000406: Using bytecode reflection optimizer
2023-11-02T00:38:31.500-06:00  INFO 7188 --- [           main] o.h.b.i.BytecodeProviderInitiator        : HHH000021: Bytecode provider name : bytebuddy
2023-11-02T00:38:31.836-06:00  INFO 7188 --- [           main] o.s.o.j.p.SpringPersistenceUnitInfo      : No LoadTimeWeaver setup: ignoring JPA class transformer
2023-11-02T00:38:31.914-06:00  INFO 7188 --- [           main] org.hibernate.orm.dialect                : HHH035001: Using dialect: org.hibernate.dialect.MySQL8Dialect, version: 8.0
2023-11-02T00:38:31.918-06:00  WARN 7188 --- [           main] org.hibernate.orm.deprecation            : HHH90000026: MySQL8Dialect has been deprecated; use org.hibernate.dialect.MySQLDialect instead
2023-11-02T00:38:32.524-06:00  INFO 7188 --- [           main] o.h.b.i.BytecodeProviderInitiator        : HHH000021: Bytecode provider name : bytebuddy
2023-11-02T00:38:33.882-06:00  INFO 7188 --- [           main] o.h.e.t.j.p.i.JtaPlatformInitiator       : HHH000490: Using JtaPlatform implementation: [org.hibernate.engine.transaction.jta.platform.internal.NoJtaPlatform]
2023-11-02T00:38:33.887-06:00  INFO 7188 --- [           main] j.LocalContainerEntityManagerFactoryBean : Initialized JPA EntityManagerFactory for persistence unit 'default'
2023-11-02T00:38:35.351-06:00  WARN 7188 --- [           main] JpaBaseConfiguration$JpaWebConfiguration : spring.jpa.open-in-view is enabled by default. Therefore, database queries may be performed during view rendering. Explicitly configure spring.jpa.open-in-view to disable this warning
2023-11-02T00:38:35.775-06:00  INFO 7188 --- [           main] o.s.b.a.w.s.WelcomePageHandlerMapping    : Adding welcome page template: index
2023-11-02T00:38:37.351-06:00  INFO 7188 --- [           main] c.mx.java.SpringSuperApplicationTests    : Started SpringSuperApplicationTests in 10.57 seconds (process running for 12.634)
]]></system-out>
  </testcase>
</testsuite>